c:\vc实验题\8\mfc-0420-5\mfc-0420-5\debug\mfc-0420-5.pch
c:\vc实验题\8\mfc-0420-5\mfc-0420-5\debug\vc140.pdb
c:\vc实验题\8\mfc-0420-5\mfc-0420-5\debug\vc140.idb
c:\vc实验题\8\mfc-0420-5\mfc-0420-5\debug\stdafx.obj
c:\vc实验题\8\mfc-0420-5\mfc-0420-5\debug\mainfrm.obj
c:\vc实验题\8\mfc-0420-5\mfc-0420-5\debug\mfc-0420-5.obj
c:\vc实验题\8\mfc-0420-5\mfc-0420-5\debug\mfc-0420-5doc.obj
c:\vc实验题\8\mfc-0420-5\mfc-0420-5\debug\mfc-0420-5view.obj
c:\vc实验题\8\mfc-0420-5\mfc-0420-5\debug\mydlg.obj
c:\vc实验题\8\mfc-0420-5\debug\mfc-0420-5.ilk
c:\vc实验题\8\mfc-0420-5\debug\mfc-0420-5.exe
c:\vc实验题\8\mfc-0420-5\debug\mfc-0420-5.pdb
c:\vc实验题\8\mfc-0420-5\mfc-0420-5\debug\mfc-0420-5.res
c:\vc实验题\8\mfc-0420-5\mfc-0420-5\debug\mfc-0420-5.tlog\cl.command.1.tlog
c:\vc实验题\8\mfc-0420-5\mfc-0420-5\debug\mfc-0420-5.tlog\cl.read.1.tlog
c:\vc实验题\8\mfc-0420-5\mfc-0420-5\debug\mfc-0420-5.tlog\cl.write.1.tlog
c:\vc实验题\8\mfc-0420-5\mfc-0420-5\debug\mfc-0420-5.tlog\link.command.1.tlog
c:\vc实验题\8\mfc-0420-5\mfc-0420-5\debug\mfc-0420-5.tlog\link.read.1.tlog
c:\vc实验题\8\mfc-0420-5\mfc-0420-5\debug\mfc-0420-5.tlog\link.write.1.tlog
c:\vc实验题\8\mfc-0420-5\mfc-0420-5\debug\mfc-0420-5.tlog\rc.command.1.tlog
c:\vc实验题\8\mfc-0420-5\mfc-0420-5\debug\mfc-0420-5.tlog\rc.read.1.tlog
c:\vc实验题\8\mfc-0420-5\mfc-0420-5\debug\mfc-0420-5.tlog\rc.write.1.tlog
