c:\project-vc\mfc-0421-1\mfc-0421-1\x64\debug\mfc-0421-1.pch
c:\project-vc\mfc-0421-1\mfc-0421-1\x64\debug\vc140.pdb
c:\project-vc\mfc-0421-1\mfc-0421-1\x64\debug\vc140.idb
c:\project-vc\mfc-0421-1\mfc-0421-1\x64\debug\stdafx.obj
c:\project-vc\mfc-0421-1\mfc-0421-1\x64\debug\mainfrm.obj
c:\project-vc\mfc-0421-1\mfc-0421-1\x64\debug\mfc-0421-1.obj
c:\project-vc\mfc-0421-1\mfc-0421-1\x64\debug\mfc-0421-1doc.obj
c:\project-vc\mfc-0421-1\mfc-0421-1\x64\debug\mfc-0421-1view.obj
c:\project-vc\mfc-0421-1\x64\debug\mfc-0421-1.ilk
c:\project-vc\mfc-0421-1\x64\debug\mfc-0421-1.exe
c:\project-vc\mfc-0421-1\x64\debug\mfc-0421-1.pdb
c:\project-vc\mfc-0421-1\mfc-0421-1\x64\debug\mfc-0421-1.res
c:\project-vc\mfc-0421-1\mfc-0421-1\x64\debug\mfc-0421-1.tlog\cl.command.1.tlog
c:\project-vc\mfc-0421-1\mfc-0421-1\x64\debug\mfc-0421-1.tlog\cl.read.1.tlog
c:\project-vc\mfc-0421-1\mfc-0421-1\x64\debug\mfc-0421-1.tlog\cl.write.1.tlog
c:\project-vc\mfc-0421-1\mfc-0421-1\x64\debug\mfc-0421-1.tlog\link.command.1.tlog
c:\project-vc\mfc-0421-1\mfc-0421-1\x64\debug\mfc-0421-1.tlog\link.read.1.tlog
c:\project-vc\mfc-0421-1\mfc-0421-1\x64\debug\mfc-0421-1.tlog\link.write.1.tlog
c:\project-vc\mfc-0421-1\mfc-0421-1\x64\debug\mfc-0421-1.tlog\rc.command.1.tlog
c:\project-vc\mfc-0421-1\mfc-0421-1\x64\debug\mfc-0421-1.tlog\rc.read.1.tlog
c:\project-vc\mfc-0421-1\mfc-0421-1\x64\debug\mfc-0421-1.tlog\rc.write.1.tlog
